

times in msec
 clock   self+sourced   self:  sourced script
 clock   elapsed:              other lines

000.013  000.013: --- NVIM STARTING ---
000.174  000.161: event init
000.272  000.098: early init
000.329  000.057: locale set
000.386  000.057: init first window
000.774  000.387: inits 1
000.791  000.017: window checked
000.796  000.005: parsing arguments
001.475  000.061  000.061: require('vim.shared')
001.628  000.058  000.058: require('vim._options')
001.631  000.151  000.093: require('vim._editor')
001.634  000.283  000.071: require('vim._init_packages')
001.639  000.560: init lua interpreter
001.712  000.073: expanding arguments
001.763  000.052: inits 2
002.146  000.382: init highlight
002.149  000.004: waiting for UI
002.448  000.299: done waiting for UI
002.470  000.022: clear screen
002.708  000.238: init default mappings & autocommands
003.074  000.060  000.060: sourcing /usr/share/nvim/runtime/ftplugin.vim
003.193  000.051  000.051: sourcing /usr/share/nvim/runtime/indent.vim
003.286  000.017  000.017: sourcing /usr/share/nvim/archlinux.vim
003.292  000.057  000.039: sourcing /etc/xdg/nvim/sysinit.vim
004.237  000.400  000.400: require('lazy')
004.271  000.018  000.018: require('ffi')
004.324  000.049  000.049: require('vim.loader')
004.418  000.041  000.041: require('vim.fs')
004.667  000.310  000.270: require('lazy.stats')
004.929  000.227  000.227: require('lazy.core.util')
005.169  000.237  000.237: require('lazy.core.config')
005.391  000.078  000.078: require('lazy.core.handler')
005.495  000.101  000.101: require('lazy.core.plugin')
005.502  000.329  000.149: require('lazy.core.loader')
005.931  000.187  000.187: require('plugins')
006.399  000.095  000.095: require('lazy.core.handler.keys')
006.498  000.094  000.094: require('lazy.core.handler.cmd')
006.615  000.113  000.113: require('lazy.core.handler.event')
006.684  000.064  000.064: require('lazy.core.handler.ft')
007.192  000.257  000.257: sourcing /usr/share/nvim/runtime/filetype.lua
007.519  000.073  000.073: sourcing /home/poto/.local/share/nvim/lazy/vim-zettel/plugin/zettel.vim
009.636  000.070  000.070: require('nvim-treesitter.utils')
010.360  000.106  000.106: require('vim.treesitter.language')
010.375  000.257  000.150: require('vim.treesitter.query')
010.455  000.078  000.078: require('vim.treesitter._range')
010.468  000.472  000.137: require('vim.treesitter.languagetree')
010.480  000.625  000.153: require('vim.treesitter')
011.826  002.185  001.560: require('nvim-treesitter.parsers')
012.112  000.049  000.049: require('nvim-treesitter.compat')
012.333  000.167  000.167: require('nvim-treesitter.ts_utils')
012.344  000.228  000.061: require('nvim-treesitter.tsrange')
012.468  000.120  000.120: require('nvim-treesitter.caching')
012.484  000.503  000.106: require('nvim-treesitter.query')
012.504  000.592  000.089: require('nvim-treesitter.configs')
012.510  000.678  000.086: require('nvim-treesitter.info')
012.596  000.084  000.084: require('nvim-treesitter.shell_command_selectors')
012.627  003.165  000.147: require('nvim-treesitter.install')
012.720  000.091  000.091: require('nvim-treesitter.statusline')
012.798  000.075  000.075: require('nvim-treesitter.query_predicates')
012.802  003.745  000.415: require('nvim-treesitter')
013.167  004.257  000.512: sourcing /home/poto/.local/share/nvim/lazy/nvim-treesitter/plugin/nvim-treesitter.lua
013.203  004.688  000.431: require('nvim-treesitter.parsers')
013.206  005.399  000.711: require('nvim-treesitter-playground')
013.315  005.580  000.181: sourcing /home/poto/.local/share/nvim/lazy/playground/plugin/nvim-treesitter-playground.lua
013.473  000.047  000.047: sourcing /home/poto/.local/share/nvim/lazy/vimtex/plugin/vimtex.vim
013.619  000.024  000.024: sourcing /home/poto/.local/share/nvim/lazy/vimtex/ftdetect/cls.vim
013.675  000.019  000.019: sourcing /home/poto/.local/share/nvim/lazy/vimtex/ftdetect/tex.vim
013.721  000.019  000.019: sourcing /home/poto/.local/share/nvim/lazy/vimtex/ftdetect/tikz.vim
014.251  000.061  000.061: sourcing /usr/share/nvim/runtime/autoload/provider/pythonx.vim
034.700  000.250  000.250: sourcing /usr/share/nvim/runtime/autoload/remote/host.vim
034.795  020.672  020.362: sourcing /usr/share/nvim/runtime/autoload/provider/python3.vim
035.050  000.016  000.016: sourcing /usr/share/nvim/runtime/autoload/provider.vim
115.075  101.158  080.471: sourcing /home/poto/.local/share/nvim/lazy/vim-latex-live-preview/plugin/latexlivepreview.vim
115.662  000.017  000.017: sourcing /home/poto/.local/share/nvim/lazy/vim-pandoc-syntax/plugin/pandoc-syntax-check.vim
116.155  000.053  000.053: sourcing /home/poto/.local/share/nvim/lazy/nvim-web-devicons/plugin/nvim-web-devicons.vim
116.985  000.510  000.510: sourcing /home/poto/.local/share/nvim/lazy/fzf/plugin/fzf.vim
117.303  000.082  000.082: sourcing /home/poto/.local/share/nvim/lazy/true-zen.nvim/plugin/true-zen.lua
117.665  000.072  000.072: sourcing /home/poto/.local/share/nvim/lazy/vimling/plugin/deadkeys.vim
117.742  000.046  000.046: sourcing /home/poto/.local/share/nvim/lazy/vimling/plugin/ipa.vim
117.791  000.020  000.020: sourcing /home/poto/.local/share/nvim/lazy/vimling/plugin/prose.vim
119.323  000.069  000.069: sourcing /home/poto/.local/share/nvim/lazy/plenary.nvim/plugin/plenary.vim
120.041  000.025  000.025: require('vim.keymap')
120.106  000.573  000.548: sourcing /home/poto/.local/share/nvim/lazy/telescope.nvim/plugin/telescope.lua
121.065  000.368  000.368: sourcing /home/poto/.local/share/nvim/lazy/vim-pandoc/plugin/pandoc.vim
121.359  000.116  000.116: sourcing /home/poto/.local/share/nvim/lazy/vim-pandoc/ftdetect/pandoc.vim
123.836  001.134  001.134: sourcing /home/poto/.local/share/nvim/lazy/vimwiki/autoload/vimwiki/vars.vim
126.585  000.397  000.397: sourcing /home/poto/.local/share/nvim/lazy/vimwiki/autoload/vimwiki/u.vim
131.450  000.043  000.043: sourcing /home/poto/.local/share/nvim/lazy/vimwiki/autoload/vimwiki/markdown_base.vim
131.601  001.404  001.361: sourcing /home/poto/.local/share/nvim/lazy/vimwiki/autoload/vimwiki/base.vim
131.785  000.140  000.140: sourcing /home/poto/.local/share/nvim/lazy/vimwiki/autoload/vimwiki/path.vim
135.327  013.391  010.316: sourcing /home/poto/.local/share/nvim/lazy/vimwiki/plugin/vimwiki.vim
137.498  000.955  000.955: require('cmp.utils.api')
137.611  000.056  000.056: require('cmp.types.cmp')
137.758  000.082  000.082: require('cmp.utils.misc')
137.780  000.166  000.083: require('cmp.types.lsp')
137.879  000.097  000.097: require('cmp.types.vim')
137.883  000.381  000.062: require('cmp.types')
137.965  000.080  000.080: require('cmp.utils.highlight')
138.093  000.064  000.064: require('cmp.utils.debug')
138.103  000.135  000.071: require('cmp.utils.autocmd')
138.520  002.113  000.563: sourcing /home/poto/.local/share/nvim/lazy/nvim-cmp/plugin/cmp.lua
140.574  000.530  000.530: require('vim.lsp.log')
141.173  000.595  000.595: require('vim.lsp.protocol')
141.408  000.108  000.108: require('vim.lsp._snippet')
141.473  000.061  000.061: require('vim.highlight')
141.480  000.004  000.004: require('vim.F')
141.503  000.326  000.154: require('vim.lsp.util')
141.513  001.648  000.198: require('vim.lsp.handlers')
141.605  000.090  000.090: require('vim.lsp.rpc')
141.655  000.047  000.047: require('vim.lsp.sync')
141.781  000.123  000.123: require('vim.lsp.semantic_tokens')
141.941  000.157  000.157: require('vim.lsp.buf')
142.018  000.072  000.072: require('vim.lsp.diagnostic')
142.080  000.059  000.059: require('vim.lsp.codelens')
142.149  003.349  001.154: require('vim.lsp')
142.215  003.523  000.173: sourcing /home/poto/.local/share/nvim/lazy/nvim-lspconfig/plugin/lspconfig.lua
142.658  000.035  000.035: sourcing /home/poto/.local/share/nvim/lazy/nvim-colorizer.lua/plugin/colorizer.vim
143.879  000.817  000.817: require('vim.filetype')
144.985  000.053  000.053: require('luasnip.util.types')
144.990  000.126  000.072: require('luasnip.util.ext_opts')
145.211  000.071  000.071: require('luasnip.util.lazy_table')
145.281  000.066  000.066: require('luasnip.extras.filetype_functions')
145.303  000.248  000.111: require('luasnip.default_config')
145.308  000.315  000.067: require('luasnip.session')
145.339  001.049  000.608: require('luasnip.config')
145.671  000.173  000.173: require('luasnip.util.util')
145.840  000.080  000.080: require('luasnip.nodes.key_indexer')
145.849  000.175  000.095: require('luasnip.nodes.util')
146.025  000.071  000.071: require('luasnip.session.snippet_collection.source')
146.082  000.054  000.054: require('luasnip.util.table')
146.141  000.056  000.056: require('luasnip.util.auto_table')
146.151  000.299  000.118: require('luasnip.session.snippet_collection')
146.384  000.089  000.089: require('luasnip.util.select')
146.440  000.053  000.053: require('luasnip.util.time')
146.842  000.630  000.487: require('luasnip.util._builtin_vars')
146.945  000.096  000.096: require('vim.inspect')
147.054  000.902  000.177: require('luasnip.util.environ')
147.128  000.070  000.070: require('luasnip.util.extend_decorator')
147.320  000.111  000.111: require('luasnip.util.path')
147.504  000.099  000.099: require('luasnip.util.log')
147.520  000.197  000.098: require('luasnip.loaders.util')
147.614  000.092  000.092: require('luasnip.loaders.data')
148.002  000.384  000.384: require('luasnip.loaders.fs_watchers')
148.028  000.897  000.113: require('luasnip.loaders')
148.079  002.734  000.217: require('luasnip')
148.110  005.116  000.517: sourcing /home/poto/.local/share/nvim/lazy/LuaSnip/plugin/luasnip.lua
148.177  000.028  000.028: sourcing /home/poto/.local/share/nvim/lazy/LuaSnip/plugin/luasnip.vim
150.310  000.285  000.285: require('vim.diagnostic')
150.325  001.015  000.729: require('lsp-zero.setup')
150.327  001.114  000.099: sourcing /home/poto/.local/share/nvim/lazy/lsp-zero.nvim/plugin/lsp-zero.lua
151.452  001.018  001.018: sourcing /home/poto/.local/share/nvim/lazy/tagbar/plugin/tagbar.vim
152.615  000.821  000.821: sourcing /home/poto/.local/share/nvim/lazy/fzf.vim/plugin/fzf.vim
152.863  000.052  000.052: sourcing /usr/share/nvim/runtime/plugin/editorconfig.lua
153.069  000.175  000.175: sourcing /usr/share/nvim/runtime/plugin/gzip.vim
153.121  000.011  000.011: sourcing /usr/share/nvim/runtime/plugin/health.vim
153.204  000.054  000.054: sourcing /usr/share/nvim/runtime/plugin/man.lua
153.777  000.189  000.189: sourcing /usr/share/nvim/runtime/pack/dist/opt/matchit/plugin/matchit.vim
153.842  000.598  000.409: sourcing /usr/share/nvim/runtime/plugin/matchit.vim
154.010  000.139  000.139: sourcing /usr/share/nvim/runtime/plugin/matchparen.vim
154.375  000.336  000.336: sourcing /usr/share/nvim/runtime/plugin/netrwPlugin.vim
154.465  000.048  000.048: sourcing /usr/share/nvim/runtime/plugin/nvim.lua
154.707  000.009  000.009: sourcing /home/poto/.local/share/nvim/rplugin.vim
154.716  000.148  000.139: sourcing /usr/share/nvim/runtime/plugin/rplugin.vim
154.814  000.068  000.068: sourcing /usr/share/nvim/runtime/plugin/shada.vim
154.889  000.025  000.025: sourcing /usr/share/nvim/runtime/plugin/spellfile.vim
155.049  000.115  000.115: sourcing /usr/share/nvim/runtime/plugin/tarPlugin.vim
155.175  000.076  000.076: sourcing /usr/share/nvim/runtime/plugin/tohtml.vim
155.238  000.019  000.019: sourcing /usr/share/nvim/runtime/plugin/tutor.vim
155.429  000.151  000.151: sourcing /usr/share/nvim/runtime/plugin/zipPlugin.vim
155.803  000.064  000.064: require('cmp_nvim_lsp.source')
155.808  000.126  000.063: require('cmp_nvim_lsp')
155.824  000.189  000.063: sourcing /home/poto/.local/share/nvim/lazy/cmp-nvim-lsp/after/plugin/cmp_nvim_lsp.lua
156.117  000.038  000.038: require('bufferline.lazy')
156.177  000.054  000.054: require('bufferline.commands')
156.471  000.287  000.287: require('bufferline.config')
156.476  000.462  000.082: require('bufferline')
156.545  000.067  000.067: require('bufferline.utils')
156.594  000.046  000.046: require('vim.version')
157.730  000.197  000.197: require('bufferline.groups')
157.798  000.049  000.049: require('bufferline.constants')
157.905  000.101  000.101: require('bufferline.colors')
158.286  000.061  000.061: require('bufferline.highlights')
159.713  000.836  000.836: require('bufferline.hover')
159.957  000.110  000.110: require('bufferline.ui')
160.085  004.115  002.186: sourcing /home/poto/.config/nvim/after/plugin/bufferline.lua
161.206  000.074  000.074: require('dracula.palette')
161.212  000.134  000.060: require('dracula')
161.538  000.056  000.056: require('dracula.palette-soft')
161.714  000.140  000.140: require('dracula.groups')
162.245  001.209  000.879: sourcing /home/poto/.local/share/nvim/lazy/dracula.nvim/colors/dracula-soft.lua
163.031  002.881  001.672: sourcing /home/poto/.config/nvim/after/plugin/colors.lua
163.333  000.082  000.082: require('FTerm.utils')
163.338  000.173  000.091: require('FTerm.terminal')
163.345  000.228  000.055: require('FTerm')
163.430  000.356  000.128: sourcing /home/poto/.config/nvim/after/plugin/fterm.lua
163.542  000.071  000.071: sourcing /home/poto/.config/nvim/after/plugin/fugitive.lua
163.774  000.079  000.079: require('lsp-zero.server')
164.066  000.224  000.224: require('lspconfig.util')
164.132  000.063  000.063: require('lspconfig.async')
164.136  000.359  000.072: require('lspconfig.configs')
164.383  000.086  000.086: require('lsp-zero.cmp')
164.896  000.100  000.100: require('cmp.utils.char')
164.905  000.219  000.119: require('cmp.utils.str')
165.113  000.065  000.065: require('cmp.utils.buffer')
165.121  000.154  000.089: require('cmp.utils.keymap')
165.126  000.219  000.065: require('cmp.utils.feedkeys')
165.414  000.101  000.101: require('cmp.config.mapping')
165.470  000.053  000.053: require('cmp.utils.cache')
165.636  000.099  000.099: require('cmp.config.compare')
165.640  000.164  000.065: require('cmp.config.default')
165.657  000.447  000.129: require('cmp.config')
165.671  000.544  000.097: require('cmp.utils.async')
165.796  000.059  000.059: require('cmp.utils.pattern')
165.803  000.129  000.070: require('cmp.context')
166.107  000.101  000.101: require('cmp.matcher')
166.120  000.237  000.137: require('cmp.entry')
166.128  000.324  000.086: require('cmp.source')
166.278  000.072  000.072: require('cmp.utils.event')
166.524  000.091  000.091: require('cmp.utils.options')
166.532  000.181  000.091: require('cmp.utils.window')
166.535  000.254  000.073: require('cmp.view.docs_view')
166.662  000.125  000.125: require('cmp.view.custom_entries_view')
166.776  000.112  000.112: require('cmp.view.wildmenu_entries_view')
166.874  000.094  000.094: require('cmp.view.native_entries_view')
166.972  000.096  000.096: require('cmp.view.ghost_text_view')
166.984  000.855  000.101: require('cmp.view')
167.393  002.861  000.572: require('cmp.core')
167.571  000.072  000.072: require('cmp.config.sources')
167.628  000.054  000.054: require('cmp.config.window')
167.692  003.306  000.319: require('cmp')
168.215  000.088  000.088: require('lsp-zero.api')
168.223  004.588  000.670: require('lsp-zero')
168.406  000.098  000.098: require('mason-core.path')
168.920  000.353  000.353: require('mason-core.functional')
169.200  000.138  000.138: require('mason-core.functional.data')
169.218  000.275  000.137: require('mason-core.functional.function')
169.393  000.152  000.152: require('mason-core.functional.relation')
169.600  000.188  000.188: require('mason-core.functional.logic')
169.657  001.248  000.280: require('mason-core.platform')
169.836  000.176  000.176: require('mason.settings')
169.843  001.596  000.074: require('mason')
170.341  000.134  000.134: require('mason-core.functional.list')
170.427  000.081  000.081: require('mason-core.functional.string')
170.456  000.419  000.204: require('mason.api.command')
170.521  000.059  000.059: require('mason-registry.sources')
170.645  000.067  000.067: require('mason-core.log')
170.690  000.042  000.042: require('mason-lspconfig.settings')
170.694  000.164  000.055: require('mason-lspconfig')
170.785  000.038  000.038: require('mason-lspconfig.notify')
170.790  000.087  000.049: require('mason-lspconfig.lspconfig_hook')
170.903  000.045  000.045: require('mason-core.functional.table')
170.945  000.153  000.108: require('mason-lspconfig.mappings.server')
171.041  000.041  000.041: require('mason-core.EventEmitter')
171.087  000.043  000.043: require('mason-core.optional')
171.380  000.055  000.055: require('mason-core.async')
171.422  000.039  000.039: require('mason-core.async.uv')
171.429  000.316  000.223: require('mason-core.fs')
171.447  000.499  000.098: require('mason-registry')
171.527  000.078  000.078: require('mason-lspconfig.server_config_extensions')
171.598  000.066  000.066: require('lspconfig.server_configurations.omnisharp')
171.735  000.049  000.049: require('mason-lspconfig.ensure_installed')
171.835  000.045  000.045: require('mason-core.result')
172.027  000.102  000.102: require('mason-core.process')
172.153  000.123  000.123: require('mason-core.spawn')
172.157  000.276  000.051: require('mason-core.managers.powershell')
172.200  000.042  000.042: require('mason.version')
172.204  000.366  000.049: require('mason-core.fetch')
172.272  000.066  000.066: require('mason-core.providers')
172.470  000.098  000.098: require('mason-core.purl')
172.482  000.166  000.069: require('mason-core.package')
172.646  000.053  000.053: require('mason-core.installer.registry.expr')
172.655  000.115  000.062: require('mason-core.installer.registry.link')
172.906  000.047  000.047: require('mason-core.receipt')
172.924  000.119  000.072: require('mason-core.installer.context')
172.972  000.045  000.045: require('mason-core.async.control')
173.021  000.047  000.047: require('mason-core.installer.linker')
173.026  000.274  000.063: require('mason-core.installer')
173.040  000.340  000.066: require('mason-core.installer.managers.std')
173.042  000.385  000.045: require('mason-core.installer.registry.schemas')
173.087  000.043  000.043: require('mason-core.installer.registry.util')
173.103  000.620  000.076: require('mason-core.installer.registry')
173.106  000.831  000.045: require('mason-registry.sources.util')
173.114  001.374  000.065: require('mason-registry.sources.github')
179.337  000.041  000.041: require('mason-core.functional.number')
179.359  000.119  000.079: require('mason-lspconfig.api.command')
179.483  000.055  000.055: require('lspconfig')
179.557  000.070  000.070: require('lspconfig.server_configurations.rust_analyzer')
180.642  000.059  000.059: require('lspconfig.manager')
180.697  000.046  000.046: require('lspconfig.server_configurations.quick_lint_js')
180.967  000.054  000.054: require('lspconfig.server_configurations.clangd')
181.365  000.053  000.053: require('lspconfig.server_configurations.lua_ls')
181.646  000.067  000.067: require('lspconfig.server_configurations.eslint')
181.900  000.047  000.047: require('lspconfig.server_configurations.pylsp')
182.154  000.070  000.070: require('mason-core.managers.pip3')
182.158  000.134  000.064: require('mason-lspconfig.server_configurations.pylsp')
182.259  000.047  000.047: require('lspconfig.server_configurations.marksman')
182.491  000.048  000.048: require('lspconfig.server_configurations.r_language_server')
182.583  000.047  000.047: require('mason-lspconfig.server_configurations.r_language_server')
182.691  000.079  000.079: require('lspconfig.server_configurations.tsserver')
182.984  000.102  000.102: require('lspconfig.server_configurations.arduino_language_server')
183.374  000.065  000.065: require('lspconfig.server_configurations.cssls')
183.652  000.059  000.059: require('lspconfig.server_configurations.html')
184.087  000.099  000.099: require('lspconfig.server_configurations.vimls')
184.474  000.113  000.113: require('lspconfig.server_configurations.jdtls')
184.792  021.211  010.716: sourcing /home/poto/.config/nvim/after/plugin/lsp.lua
185.112  000.061  000.061: require('lualine_require')
185.385  000.487  000.426: require('lualine')
187.335  000.071  000.071: require('lualine.utils.mode')
189.746  004.896  004.337: sourcing /home/poto/.config/nvim/after/plugin/lualine.lua
190.318  000.529  000.529: sourcing /home/poto/.config/nvim/after/plugin/luasnip.lua
191.117  000.091  000.091: require('nvim-tree.notify')
191.125  000.194  000.103: require('nvim-tree.events')
191.435  000.083  000.083: require('nvim-tree.log')
191.658  000.108  000.108: require('nvim-tree.iterators.node-iterator')
191.726  000.288  000.180: require('nvim-tree.utils')
191.828  000.099  000.099: require('nvim-tree.git.utils')
191.939  000.108  000.108: require('nvim-tree.git.runner')
192.047  000.105  000.105: require('nvim-tree.watcher')
192.135  000.085  000.085: require('nvim-tree.explorer.node')
192.143  000.886  000.117: require('nvim-tree.git')
192.223  000.078  000.078: require('nvim-tree.explorer.watch')
192.366  000.072  000.072: require('nvim-tree.explorer.node-builders')
192.459  000.091  000.091: require('nvim-tree.explorer.sorters')
192.610  000.076  000.076: require('nvim-tree.marks')
192.615  000.153  000.077: require('nvim-tree.explorer.filters')
192.894  000.168  000.168: require('nvim-tree.view')
192.902  000.285  000.117: require('nvim-tree.live-filter')
192.906  000.680  000.079: require('nvim-tree.explorer.explore')
193.001  000.093  000.093: require('nvim-tree.explorer.reload')
193.009  001.882  000.145: require('nvim-tree.explorer')
193.012  002.168  000.092: require('nvim-tree.core')
193.142  000.064  000.064: require('nvim-tree.modified')
193.145  000.132  000.068: require('nvim-tree.renderer.components.modified')
193.228  000.081  000.081: require('nvim-tree.renderer.components.padding')
193.305  000.074  000.074: require('nvim-tree.renderer.components.icons')
193.403  000.096  000.096: require('nvim-tree.renderer.components.full-name')
193.504  000.098  000.098: require('nvim-tree.renderer.components.git')
193.646  000.065  000.065: require('nvim-tree.enum')
193.745  000.096  000.096: require('nvim-tree.diagnostics')
193.750  000.243  000.082: require('nvim-tree.renderer.components.diagnostics')
193.954  000.095  000.095: require('nvim-tree.renderer.components.bookmarks')
193.967  000.215  000.120: require('nvim-tree.renderer.builder')
193.976  003.242  000.134: require('nvim-tree.renderer')
193.982  003.387  000.145: require('nvim-tree.lib')
194.073  000.090  000.090: require('nvim-tree.colors')
194.454  000.067  000.067: require('nvim-tree.actions.finders.find-file')
194.583  000.126  000.126: require('nvim-tree.actions.finders.search-node')
194.586  000.258  000.066: require('nvim-tree.actions.finders')
194.843  000.089  000.089: require('nvim-tree.actions.reloaders')
194.855  000.195  000.106: require('nvim-tree.actions.fs.copy-paste')
194.934  000.078  000.078: require('nvim-tree.actions.fs.create-file')
195.023  000.086  000.086: require('nvim-tree.actions.fs.remove-file')
195.107  000.081  000.081: require('nvim-tree.actions.fs.rename-file')
195.181  000.072  000.072: require('nvim-tree.actions.fs.trash')
195.185  000.597  000.086: require('nvim-tree.actions.fs')
195.305  000.063  000.063: require('nvim-tree.actions.moves.item')
195.365  000.057  000.057: require('nvim-tree.actions.moves.parent')
195.424  000.056  000.056: require('nvim-tree.actions.moves.sibling')
195.427  000.240  000.064: require('nvim-tree.actions.moves')
195.607  000.121  000.121: require('nvim-tree.actions.node.file-popup')
195.920  000.309  000.309: require('nvim-tree.actions.node.open-file')
196.075  000.153  000.153: require('nvim-tree.actions.node.run-command')
196.236  000.158  000.158: require('nvim-tree.actions.node.system-open')
196.246  000.818  000.077: require('nvim-tree.actions.node')
196.540  000.170  000.170: require('nvim-tree.actions.root.change-dir')
196.677  000.134  000.134: require('nvim-tree.actions.root.dir-up')
196.680  000.431  000.128: require('nvim-tree.actions.root')
197.023  000.185  000.185: require('nvim-tree.actions.tree.find-file')
197.362  000.156  000.156: require('nvim-tree.actions.tree.modifiers.collapse-all')
197.592  000.227  000.227: require('nvim-tree.actions.tree.modifiers.expand-all')
197.702  000.108  000.108: require('nvim-tree.actions.tree.modifiers.toggles')
197.706  000.680  000.188: require('nvim-tree.actions.tree.modifiers')
197.841  000.133  000.133: require('nvim-tree.actions.tree.open')
197.974  000.129  000.129: require('nvim-tree.actions.tree.toggle')
197.977  001.296  000.169: require('nvim-tree.actions.tree')
197.979  003.729  000.088: require('nvim-tree.actions')
198.371  000.185  000.185: require('nvim-tree.keymap')
198.377  000.374  000.189: require('nvim-tree.help')
198.431  000.052  000.052: require('nvim-tree.marks.navigation')
198.480  000.047  000.047: require('nvim-tree.marks.bulk-delete')
198.526  000.043  000.043: require('nvim-tree.marks.bulk-trash')
198.571  000.043  000.043: require('nvim-tree.marks.bulk-move')
198.616  004.458  000.171: require('nvim-tree.api')
198.622  004.546  000.088: require('nvim-tree.commands')
198.671  000.047  000.047: require('nvim-tree.legacy')
198.709  008.293  000.224: require('nvim-tree')
199.633  000.249  000.249: require('nvim-web-devicons.icons-default')
199.690  000.410  000.160: require('nvim-web-devicons')
202.193  011.833  003.130: sourcing /home/poto/.config/nvim/after/plugin/nvim-tree.lua
202.391  000.099  000.099: require('telescope.builtin')
202.427  000.178  000.080: sourcing /home/poto/.config/nvim/after/plugin/telescope.lua
203.911  000.054  000.054: require('nvim-treesitter.highlight')
203.994  001.527  001.473: sourcing /home/poto/.config/nvim/after/plugin/treesitter.lua
204.046  200.670  012.482: require('lazy-config')
204.279  000.045  000.045: require('true-zen.utils.colors')
204.367  000.044  000.044: require('true-zen.config')
204.370  000.088  000.043: require('true-zen.utils.data')
204.385  000.214  000.081: require('true-zen.ataraxis')
204.444  000.057  000.057: require('true-zen.minimalist')
204.564  000.051  000.051: require('true-zen.utils.echo')
204.579  000.132  000.081: require('true-zen.narrow')
204.636  000.055  000.055: require('true-zen.focus')
205.342  001.279  000.822: require('remap')
205.447  000.097  000.097: require('wiki')
205.591  000.061  000.061: require('colorizer/nvim')
205.763  000.168  000.168: require('colorizer/trie')
205.925  000.468  000.238: require('colorizer')
206.989  000.054  000.054: require('luasnip.util.directed_graph')
207.037  000.045  000.045: require('luasnip.session.enqueueable_operations')
207.043  000.187  000.088: require('luasnip.loaders.from_lua')
208.214  000.040  000.040: require('luasnip.util.events')
208.224  000.110  000.070: require('luasnip.nodes.node')
208.300  000.073  000.073: require('luasnip.nodes.insertNode')
208.357  000.054  000.054: require('luasnip.nodes.textNode')
208.407  000.047  000.047: require('luasnip.util.mark')
208.452  000.042  000.042: require('luasnip.util.pattern_tokenizer')
208.493  000.038  000.038: require('luasnip.util.dict')
208.752  000.217  000.217: require('luasnip.util.jsregexp')
208.756  000.260  000.043: require('luasnip.nodes.util.trig_engines')
208.811  000.820  000.196: require('luasnip.nodes.snippet')
208.909  000.042  000.042: require('luasnip.util.str')
209.012  000.055  000.055: require('luasnip.nodes.functionNode')
209.078  000.062  000.062: require('luasnip.nodes.dynamicNode')
209.082  000.171  000.053: require('luasnip.extras')
209.086  000.270  000.057: require('luasnip.extras.fmt')
213.322  000.858  000.858: sourcing /home/poto/.local/share/nvim/lazy/dracula.nvim/colors/dracula-soft.lua
217.058  000.072  000.072: sourcing /usr/share/nvim/runtime/filetype.lua
217.316  000.040  000.040: sourcing /usr/share/nvim/runtime/filetype.lua
217.471  000.012  000.012: sourcing /usr/share/nvim/runtime/ftplugin.vim
217.733  000.083  000.083: sourcing /usr/share/nvim/runtime/syntax/synload.vim
217.925  000.405  000.322: sourcing /usr/share/nvim/runtime/syntax/syntax.vim
218.080  000.082  000.082: sourcing /usr/share/nvim/runtime/syntax/nosyntax.vim
218.269  000.073  000.073: sourcing /usr/share/nvim/runtime/syntax/synload.vim
218.385  000.426  000.271: sourcing /usr/share/nvim/runtime/syntax/syntax.vim
218.693  215.360  009.755: sourcing /home/poto/.config/nvim/init.vim
218.708  000.472: sourcing vimrc file(s)
218.718  000.010: inits 3
220.419  001.701: reading ShaDa
220.681  000.049  000.049: require('luasnip.nodes.duplicate')
220.685  000.106  000.057: require('luasnip.loaders.snippet_cache')
220.694  000.205  000.099: require('luasnip.loaders.from_snipmate')
220.900  000.117  000.117: require('luasnip.util.jsonc')
220.915  000.219  000.102: require('luasnip.loaders.from_vscode')
221.060  000.218: opening buffers
221.136  000.061  000.061: require('bufferline.state')
221.236  000.115: BufEnter autocommands
221.239  000.003: editing files in windows
221.262  000.022: VimEnter autocommands
221.303  000.041: UIEnter autocommands
221.311  000.009: before starting main loop
221.504  000.055  000.055: require('bufferline.pick')
221.560  000.052  000.052: require('bufferline.duplicates')
221.696  000.134  000.134: require('bufferline.diagnostics')
221.781  000.081  000.081: require('bufferline.models')
221.785  000.401  000.078: require('bufferline.buffers')
222.072  000.070  000.070: require('bufferline.numbers')
222.336  000.063  000.063: require('bufferline.sorters')
222.431  000.078  000.078: require('bufferline.tabpages')
222.562  000.066  000.066: require('bufferline.offset')
222.627  000.059  000.059: require('bufferline.custom_area')
223.223  001.175: first screen update
223.226  000.003: --- NVIM STARTED ---


times in msec
 clock   self+sourced   self:  sourced script
 clock   elapsed:              other lines

000.015  000.015: --- NVIM STARTING ---
000.192  000.177: event init
000.307  000.115: early init
000.373  000.065: locale set
000.428  000.056: init first window
000.865  000.437: inits 1
000.876  000.011: window checked
000.880  000.004: parsing arguments
001.560  000.060  000.060: require('vim.shared')
001.716  000.059  000.059: require('vim._options')
001.719  000.154  000.095: require('vim._editor')
001.722  000.285  000.071: require('vim._init_packages')
001.729  000.565: init lua interpreter
002.383  000.653: expanding arguments
002.440  000.057: inits 2
002.901  000.461: init highlight
